<?xml version="1.0" encoding="UTF-8"?>
<!-- Generated by org.testng.reporters.JUnitReportReporter -->
<testsuite hostname="A2ML32732" name="Test.EditEmployeeContactInfoTest" tests="1" failures="0" timestamp="6 Sep 2019 11:06:40 GMT" time="26.110" errors="0">
  <testcase name="editEmployeeContactInfo" time="26.110" classname="Test.EditEmployeeContactInfoTest"/>
</testsuite> <!-- Test.EditEmployeeContactInfoTest -->
