<?xml version="1.0" encoding="UTF-8"?>
<!-- Generated by org.testng.reporters.JUnitReportReporter -->
<testsuite hostname="A2ML32732" name="Test.AddEmployeeTest" tests="1" failures="0" timestamp="11 Sep 2019 07:47:10 GMT" time="65.916" errors="0">
  <testcase name="addEmployee" time="65.916" classname="Test.AddEmployeeTest"/>
</testsuite> <!-- Test.AddEmployeeTest -->
