<?xml version="1.0" encoding="UTF-8"?>
<!-- Generated by org.testng.reporters.JUnitReportReporter -->
<testsuite hostname="A2ML32732" name="Test.CoverageSummaryTest" tests="1" failures="0" timestamp="5 Sep 2019 11:59:15 GMT" time="3.697" errors="0">
  <testcase name="coverageSummary" time="3.697" classname="Test.CoverageSummaryTest"/>
</testsuite> <!-- Test.CoverageSummaryTest -->
