<?xml version="1.0" encoding="UTF-8"?>
<!-- Generated by org.testng.reporters.JUnitReportReporter -->
<testsuite hostname="A2ML32732" name="Test.SearchEmployeesTest" tests="1" failures="0" timestamp="4 Sep 2019 15:09:31 GMT" time="44.538" errors="0">
  <testcase name="searchEmployee" time="44.538" classname="Test.SearchEmployeesTest"/>
</testsuite> <!-- Test.SearchEmployeesTest -->
