<?xml version="1.0" encoding="UTF-8"?>
<!-- Generated by org.testng.reporters.JUnitReportReporter -->
<testsuite hostname="A2ML32732" name="Test.CheckoutAccountTests" tests="1" failures="0" timestamp="12 Sep 2019 09:23:19 GMT" time="81.132" errors="0">
  <testcase name="searchAccountsAndCheckoutTest" time="81.132" classname="Test.CheckoutAccountTests"/>
</testsuite> <!-- Test.CheckoutAccountTests -->
