<?xml version="1.0" encoding="UTF-8"?>
<!-- Generated by org.testng.reporters.JUnitReportReporter -->
<testsuite hostname="A2ML32732" name="Test.EmployeeBenifitDollarsTest" tests="1" failures="0" timestamp="5 Sep 2019 11:59:15 GMT" time="4.845" errors="0">
  <testcase name="benifitDollars" time="4.845" classname="Test.EmployeeBenifitDollarsTest"/>
</testsuite> <!-- Test.EmployeeBenifitDollarsTest -->
