<?xml version="1.0" encoding="UTF-8"?>
<!-- Generated by org.testng.reporters.JUnitReportReporter -->
<testsuite hostname="A2ML32732" name="Test.CreatedAccountOverviewTest" tests="1" failures="0" timestamp="4 Sep 2019 18:16:33 GMT" time="7.410" errors="0">
  <testcase name="createAccountOverview" time="7.410" classname="Test.CreatedAccountOverviewTest"/>
</testsuite> <!-- Test.CreatedAccountOverviewTest -->
