<?xml version="1.0" encoding="UTF-8"?>
<!-- Generated by org.testng.reporters.JUnitReportReporter -->
<testsuite hostname="A2ML32732" name="Test.EditEmployeePersonalTest" tests="1" failures="0" timestamp="10 Sep 2019 07:41:09 GMT" time="57.208" errors="0">
  <testcase name="editEmployeePersonal" time="57.208" classname="Test.EditEmployeePersonalTest"/>
</testsuite> <!-- Test.EditEmployeePersonalTest -->
